<?xml version="1.0" encoding="UTF-8"?>
<!-- Generated by org.testng.reporters.JUnitXMLReporter -->
<testsuite ignored="3" hostname="DESKTOP-I46VA14" failures="0" tests="4" name="RegisterTest" time="26.546" errors="0" timestamp="2024-06-23T22:15:37 CEST">
  <testcase classname="pagetest.RegisterTest" name="registerPageTest" time="4.742"/>
  <testcase classname="pagetest.LoginTest" name="loginPageTest" time="1.78"/>
  <testcase classname="pagetest.AddToCartTest" name="addToCartTest" time="3.423"/>
  <testcase classname="pagetest.CheckoutTest" name="checkoutTest" time="7.252"/>
  <testcase classname="pagetest.BaseTest" name="@BeforeTest setUp" time="0.0">
    <ignored/>
  </testcase> <!-- @BeforeTest setUp -->
  <testcase classname="pagetest.BaseTest" name="@BeforeTest setUp" time="0.0">
    <ignored/>
  </testcase> <!-- @BeforeTest setUp -->
  <testcase classname="pagetest.BaseTest" name="@BeforeTest setUp" time="0.0">
    <ignored/>
  </testcase> <!-- @BeforeTest setUp -->
</testsuite> <!-- RegisterTest -->
